/mnt/permanent/Home/nessie/velkey/logs/sentence/sentence_lstm__64_64__conv_channel__80_1__kernels__1_1_	0.00627908	99.5067667519	0.9624473399	0.971007455054	97.02474110086244	65.5908639523
/mnt/permanent/Home/nessie/velkey/logs/sentence/sentence_lstm__256_64__conv_channel__200_20_20_1__kernels__7_3_1_5_	0.00915345	99.2468551371	0.939062601485	0.955355357823	95.42306283507043	55.2631578947
/mnt/permanent/Home/nessie/velkey/logs/sentence/sentence_lstm__64_64__conv_channel__20_20_1__kernels__5_7_7_	0.00713967	99.4504104169	0.954244262964	0.967525338124	96.69946593855717	61.8669314796
/mnt/permanent/Home/nessie/velkey/logs/sentence/sentence_lstm__64_64_64__conv_channel__200_200_1__kernels__1_7_7_	0.00799278	99.3675993078	0.940167266321	0.962289787827	96.24611474593443	58.142999007
/mnt/permanent/Home/nessie/velkey/logs/sentence/sentence_lstm__64_64__conv_channel__20_1__kernels__7_7_	0.00606975	99.5098795021	0.96176702335	0.971183453579	97.06523792351416	64.5978152929
/mnt/permanent/Home/nessie/velkey/logs/sentence/sentence_lstm__64_64_64__conv_channel__200_120_1__kernels__7_3_5_	0.00621139	99.5702603229	0.970954800647	0.974863226862	97.41766840931038	69.6127110228
/mnt/permanent/Home/nessie/velkey/logs/sentence/sentence_lstm__256_256__conv_channel__200_20_1__kernels__1_7_3_	0.139452	91.4184074509	0.0	nan	57.00942359561786	2.43296921549
/mnt/permanent/Home/nessie/velkey/logs/sentence/sentence_lstm__128_64_64__conv_channel__80_1__kernels__7_7_	0.00659384	99.5847280651	0.96688129476	0.975595720427	97.53747874916284	68.2969215492
/mnt/permanent/Home/nessie/velkey/logs/sentence/sentence_lstm__64_64_64__conv_channel__80_20_1__kernels__5_5_7_	0.00772982	99.3714169343	0.950168421144	0.962889125518	96.26328713959438	58.1678252234
/mnt/permanent/Home/nessie/velkey/logs/sentence/sentence_lstm__64_64__conv_channel__200_80_1__kernels__3_3_1_	0.00567492	99.6002743908	0.973139154691	0.976612377762	97.63744131064567	70.5312810328
/mnt/permanent/Home/nessie/velkey/logs/sentence/sentence_lstm__128_64__conv_channel__80_80_1__kernels__7_1_5_	0.00657738	99.5540965532	0.966903385851	0.97383050217	97.32776131330958	68.3714001986
/mnt/permanent/Home/nessie/velkey/logs/sentence/sentence_lstm__256_256__conv_channel__20_1__kernels__1_3_	0.0182192	98.0928930767	0.880943515899	0.887973968969	88.07033812443117	23.7338629593
/mnt/permanent/Home/nessie/velkey/logs/sentence/sentence_lstm__64_64_64__conv_channel__120_120_1__kernels__7_3_5_	0.0067648	99.488383247	0.967020704142	0.970119242678	96.93129325296653	63.3565044687
/mnt/permanent/Home/nessie/velkey/logs/sentence/sentence_lstm__256_128__conv_channel__200_80_1__kernels__1_5_3_	0.00874073	99.2121707737	0.937227972983	0.953306335583	95.13169724617894	52.5819265144
/mnt/permanent/Home/nessie/velkey/logs/sentence/sentence_lstm__256_256_128__conv_channel__120_20_20_1__kernels__1_3_7_3_	0.00864406	99.3211417359	0.942086136394	0.959713912239	95.85095401418535	57.8699106256
/mnt/permanent/Home/nessie/velkey/logs/sentence/sentence_lstm__256_64_64__conv_channel__120_120_120_1__kernels__3_5_7_3_	0.136649	91.4184074509	0.0	nan	57.00942359561786	2.43296921549
/mnt/permanent/Home/nessie/velkey/logs/sentence/sentence_lstm__256_256__conv_channel__120_20_1__kernels__7_3_5_	0.00598395	99.6090882204	0.971569873771	0.977095698251	97.6341114182012	71.5491559086
/mnt/permanent/Home/nessie/velkey/logs/sentence/sentence_lstm__256_128_128__conv_channel__200_1__kernels__3_3_	0.00678971	99.6466179292	0.967718155364	0.979151831964	97.84888948086977	73.8331678252
/mnt/permanent/Home/nessie/velkey/logs/sentence/sentence_lstm__64_64__conv_channel__20_20_20_1__kernels__1_5_7_1_	0.00717997	99.3887594613	0.954163359221	0.964006152052	96.31880390263395	60.3525322741
/mnt/permanent/Home/nessie/velkey/logs/sentence/sentence_lstm__256_256_64_64__conv_channel__120_1__kernels__7_3_	0.0127094	98.8253745294	0.915181209967	0.930395643627	93.01055575904898	41.087388282
/mnt/permanent/Home/nessie/velkey/logs/sentence/sentence_lstm__256_64_64_64__conv_channel__200_80_1__kernels__5_1_5_	0.00778272	99.4457951224	0.954753544178	0.967281597455	96.58020045952516	63.0337636544
/mnt/permanent/Home/nessie/velkey/logs/sentence/sentence_lstm__256_128_128__conv_channel__120_80_80_1__kernels__5_3_7_7_	0.136672	91.4184074509	0.0	nan	57.00942359561786	2.43296921549
/mnt/permanent/Home/nessie/velkey/logs/sentence/sentence_lstm__256_64_64__conv_channel__20_1__kernels__5_1_	0.0129767	98.7622760291	0.899366064985	0.925743222034	92.46818814074493	38.4806355511
/mnt/permanent/Home/nessie/velkey/logs/sentence/sentence_lstm__256_64_64__conv_channel__80_80_1__kernels__3_7_1_	0.00673331	99.4959073396	0.955681087997	0.970211496862	96.9381622104305	63.2571996028
/mnt/permanent/Home/nessie/velkey/logs/sentence/sentence_lstm__64_64__conv_channel__20_1__kernels__1_3_	0.0075752	99.351629106	0.957793099384	0.962052042194	96.0761080487009	57.1002979146
/mnt/permanent/Home/nessie/velkey/logs/sentence/sentence_lstm__64_64_64__conv_channel__80_1__kernels__7_7_	0.00554119	99.6112655597	0.970118674033	0.977166243922	97.66241550397922	71.3505461768
/mnt/permanent/Home/nessie/velkey/logs/sentence/sentence_lstm__128_128_128__conv_channel__80_1__kernels__5_7_	0.00597839	99.6503537501	0.975364920208	0.979551955509	97.9152714096818	71.5243296922
/mnt/permanent/Home/nessie/velkey/logs/sentence/sentence_lstm__64_64_64__conv_channel__120_120_1__kernels__5_7_5_	0.00641128	99.515576908	0.962932748393	0.97152787249	97.13564473751997	64.3247269116
/mnt/permanent/Home/nessie/velkey/logs/sentence/sentence_lstm__128_64_64__conv_channel__80_20_1__kernels__3_1_5_	0.00691077	99.416363485	0.957332524165	0.965675551527	96.4727903422458	59.7815292949
/mnt/permanent/Home/nessie/velkey/logs/sentence/sentence_lstm__256_256__conv_channel__200_1__kernels__7_5_	0.00583231	99.5824573461	0.971789521897	0.975580101495	97.50656844057494	67.5024826216
/mnt/permanent/Home/nessie/velkey/logs/sentence/sentence_lstm__256_256_128__conv_channel__120_120_1__kernels__7_1_3_	0.00749112	99.4377661322	0.95551679578	0.966838097429	96.536911857747	62.7358490566
/mnt/permanent/Home/nessie/velkey/logs/sentence/sentence_lstm__128_64_64__conv_channel__20_20_1__kernels__7_3_5_	0.00721448	99.403717464	0.951878489527	0.964795890115	96.44359727302388	58.7636544191
/mnt/permanent/Home/nessie/velkey/logs/sentence/sentence_lstm__64_64__conv_channel__120_1__kernels__5_1_	0.00591116	99.5469151141	0.969012225892	0.973492723196	97.32282382841345	66.2859980139
/mnt/permanent/Home/nessie/velkey/logs/sentence/sentence_lstm__128_64__conv_channel__200_1__kernels__5_7_	0.00607027	99.6508499141	0.972544525996	0.979506119205	97.88718324398123	74.0814299901
/mnt/permanent/Home/nessie/velkey/logs/sentence/sentence_lstm__256_64_64__conv_channel__80_1__kernels__1_5_	0.00614023	99.515037502	0.958005527244	0.971361363922	97.0892792746381	64.1261171797
/mnt/permanent/Home/nessie/velkey/logs/sentence/sentence_lstm__64_64_64__conv_channel__120_20_1__kernels__7_1_1_	0.00930372	99.1589106268	0.93788888124	0.95033572478	94.8190888327924	49.6524329692
/mnt/permanent/Home/nessie/velkey/logs/sentence/sentence_lstm__64_64_64__conv_channel__20_20_1__kernels__3_1_1_	0.00811482	99.2956105611	0.946442202306	0.958452187326	95.72922569676987	55.4865938431
/mnt/permanent/Home/nessie/velkey/logs/sentence/sentence_lstm__128_64_64__conv_channel__200_80_80_1__kernels__7_7_7_1_	0.00480938	99.6432073622	0.975088599129	0.97909964086	97.92048216842596	74.5034756703
/mnt/permanent/Home/nessie/velkey/logs/sentence/sentence_lstm__256_64_64__conv_channel__120_80_1__kernels__5_5_7_	0.0148904	98.6098596961	0.873251173116	0.915056908323	91.74351312829495	34.5580933466
/mnt/permanent/Home/nessie/velkey/logs/sentence/sentence_lstm__64_64__conv_channel__200_20_1__kernels__3_5_7_	0.00650351	99.5193297872	0.975040523365	0.972085616647	97.13564473751997	64.9702085402
/mnt/permanent/Home/nessie/velkey/logs/sentence/sentence_lstm__128_64__conv_channel__20_20_1__kernels__5_1_7_	0.00728915	99.4652834175	0.95662003185	0.968494927563	96.71148661411915	62.1648460775
/mnt/permanent/Home/nessie/velkey/logs/sentence/sentence_lstm__64_64__conv_channel__80_80_1__kernels__5_1_5_	0.00580286	99.5703449094	0.972538299421	0.974905500172	97.43787886593512	67.9990069513
/mnt/permanent/Home/nessie/velkey/logs/sentence/sentence_lstm__128_64__conv_channel__80_1__kernels__7_1_	0.00563617	99.6327978091	0.97541818032	0.978534378256	97.81059571775832	72.8152929494
/mnt/permanent/Home/nessie/velkey/logs/sentence/sentence_lstm__64_64_64__conv_channel__80_20_1__kernels__1_3_7_	0.00617372	99.5286186394	0.964102970862	0.97231302572	97.16140332800988	65.1936444886
/mnt/permanent/Home/nessie/velkey/logs/sentence/sentence_lstm__256_128_128__conv_channel__120_20_1__kernels__5_5_5_	0.00900069	99.2132044935	0.93424927432	0.953228513097	95.22607456253327	52.2591857001
/mnt/permanent/Home/nessie/velkey/logs/sentence/sentence_lstm__256_64__conv_channel__120_1__kernels__5_7_	0.00644636	99.6165177827	0.970596805986	0.977476519139	97.6923845359795	72.2939424032
/mnt/permanent/Home/nessie/velkey/logs/sentence/sentence_lstm__128_128_128__conv_channel__80_1__kernels__1_1_	0.00742878	99.448665965	0.968954155846	0.967916144525	96.64107980011335	61.4448857994
/mnt/permanent/Home/nessie/velkey/logs/sentence/sentence_lstm__64_64_64__conv_channel__120_120_1__kernels__3_5_3_	0.00564956	99.5761970251	0.966970712558	0.975112751122	97.48767880754899	67.2790466733
/mnt/permanent/Home/nessie/velkey/logs/sentence/sentence_lstm__128_128_128__conv_channel__80_20_1__kernels__3_3_3_	0.00996144	99.1615595608	0.945331656256	0.950833334803	94.96353767773302	51.4399205561
/mnt/permanent/Home/nessie/velkey/logs/sentence/sentence_lstm__128_64__conv_channel__20_1__kernels__5_1_	0.0122504	98.8635374453	0.914776651169	0.932496009623	92.85284975872787	39.9453823237
/mnt/permanent/Home/nessie/velkey/logs/sentence/sentence_lstm__256_64__conv_channel__20_1__kernels__1_1_	0.0290499	97.0417735715	0.70913442974	0.804348209271	82.37940686552298	13.0089374379
/mnt/permanent/Home/nessie/velkey/logs/sentence/sentence_lstm__128_64__conv_channel__120_1__kernels__3_5_	0.00626142	99.6084091849	0.974442835973	0.977137849002	97.68859581337043	69.0168818272
/mnt/permanent/Home/nessie/velkey/logs/sentence/sentence_lstm__128_64__conv_channel__20_1__kernels__7_1_	0.0101956	99.0382425205	0.93942377475	0.94367562042	94.07037246921848	45.5561072493
/mnt/permanent/Home/nessie/velkey/logs/sentence/sentence_lstm__128_64__conv_channel__80_1__kernels__1_1_	0.00634249	99.5190483212	0.970251882289	0.971930051148	97.0680297026406	65.7149950348
/mnt/permanent/Home/nessie/velkey/logs/sentence/sentence_lstm__256_128__conv_channel__20_20_1__kernels__7_7_7_	0.00589966	99.6116137852	0.971246088958	0.977244576313	97.65596826541652	68.4707050645
/mnt/permanent/Home/nessie/velkey/logs/sentence/sentence_lstm__128_128__conv_channel__80_80_1__kernels__7_7_3_	0.00594282	99.5946325598	0.966899917238	0.976162100983	97.57182353648275	68.2720953327
/mnt/permanent/Home/nessie/velkey/logs/sentence/sentence_lstm__64_64_64__conv_channel__80_1__kernels__3_7_	0.00610266	99.6157519607	0.97032931867	0.977463060287	97.67740001997936	72.0456802383
/mnt/permanent/Home/nessie/velkey/logs/sentence/sentence_lstm__64_64_64__conv_channel__20_1__kernels__7_1_	0.0103942	99.124338466	0.919337639505	0.947395193635	94.65938557175485	48.9324726912
/mnt/permanent/Home/nessie/velkey/logs/sentence/sentence_lstm__128_64_64__conv_channel__200_80_1__kernels__1_5_1_	0.00611415	99.5513080813	0.965020781298	0.973645652007	97.31080315285148	66.2859980139
/mnt/permanent/Home/nessie/velkey/logs/sentence/sentence_lstm__64_64__conv_channel__20_20_1__kernels__5_5_3_	0.00704869	99.418018697	0.957233518799	0.965777823998	96.54856648130266	61.9662363456
/mnt/permanent/Home/nessie/velkey/logs/sentence/sentence_lstm__128_64_64__conv_channel__200_80_1__kernels__7_1_3_	0.0073349	99.4322878079	0.955634836302	0.966552831562	96.48309377844177	60.6007944389
/mnt/permanent/Home/nessie/velkey/logs/sentence/sentence_lstm__256_64__conv_channel__20_1__kernels__7_7_	0.00791372	99.3103220702	0.942223289251	0.959098039046	95.85114969175554	55.8093346574
/mnt/permanent/Home/nessie/velkey/logs/sentence/sentence_lstm__256_128__conv_channel__120_1__kernels__5_5_	0.00662819	99.4344828293	0.969517802194	0.967123916843	96.53289372005564	60.3277060576
/mnt/permanent/Home/nessie/velkey/logs/sentence/sentence_lstm__128_64_64__conv_channel__200_120_1__kernels__3_7_7_	0.0179972	98.2938254138	0.897830476167	0.900250594073	89.72403963388457	29.3942403178
/mnt/permanent/Home/nessie/velkey/logs/sentence/sentence_lstm__64_64__conv_channel__200_80_1__kernels__7_3_5_	0.00748283	99.3915154399	0.941620977789	0.963733737691	96.40925248570397	59.5829195631
/mnt/permanent/Home/nessie/velkey/logs/sentence/sentence_lstm__64_64_64__conv_channel__120_80_1__kernels__7_5_7_	0.00643783	99.5117867271	0.961015113373	0.971267038098	97.10129995020006	64.5978152929
/mnt/permanent/Home/nessie/velkey/logs/sentence/sentence_lstm__256_128_128_128__conv_channel__20_1__kernels__1_5_	0.00823118	99.4464357514	0.958789049428	0.967434501003	96.67843228663713	63.9275074479
/mnt/permanent/Home/nessie/velkey/logs/sentence/sentence_lstm__256_128_128__conv_channel__120_20_1__kernels__7_3_7_	0.0845415	91.7724432524	0.0582267946716	0.108251728458	58.374117768275724	3.07845084409
/mnt/permanent/Home/nessie/velkey/logs/sentence/sentence_lstm__128_128__conv_channel__80_80_1__kernels__5_1_1_	0.0120401	98.850096659	0.92655415195	0.932574788237	92.82193945013995	39.3495531281
/mnt/permanent/Home/nessie/velkey/logs/sentence/sentence_lstm__128_128_128__conv_channel__120_1__kernels__5_5_	0.00710139	99.54032971	0.969483086479	0.973104462065	97.1845759381972	67.7010923535
/mnt/permanent/Home/nessie/velkey/logs/sentence/sentence_lstm__64_64__conv_channel__120_20_1__kernels__7_1_3_	0.00617637	99.5586624275	0.9643895563	0.974056473969	97.32454106777944	66.4597815293
/mnt/permanent/Home/nessie/velkey/logs/sentence/sentence_lstm__256_64_64__conv_channel__20_20_1__kernels__3_7_7_	0.0133124	98.7888483885	0.912147168153	0.92819836255	92.76183607233011	39.2005958292
/mnt/permanent/Home/nessie/velkey/logs/sentence/sentence_lstm__64_64__conv_channel__20_1__kernels__7_3_	0.00613687	99.5056820224	0.968060580004	0.971111109439	97.05304518664047	66.0625620655
/mnt/permanent/Home/nessie/velkey/logs/sentence/sentence_lstm__128_64_64__conv_channel__200_200_1__kernels__1_1_7_	0.00670293	99.4825083806	0.958152909914	0.969500159919	96.87805883262068	63.2820258193
/mnt/permanent/Home/nessie/velkey/logs/sentence/sentence_lstm__64_64_64__conv_channel__80_20_20_1__kernels__1_7_5_3_	0.0066589	99.5061647319	0.955620761628	0.970737052576	97.10632346575206	66.0129096326
/mnt/permanent/Home/nessie/velkey/logs/sentence/sentence_lstm__256_128__conv_channel__20_20_1__kernels__5_7_3_	0.00753544	99.339705189	0.954657876446	0.961248004643	95.99413938929773	57.323733863
/mnt/permanent/Home/nessie/velkey/logs/sentence/sentence_lstm__128_128_64__conv_channel__200_80_80_1__kernels__7_7_3_3_	0.138704	91.4184074509	0.0	nan	57.00942359561786	2.43296921549
/mnt/permanent/Home/nessie/velkey/logs/sentence/sentence_lstm__64_64_64__conv_channel__20_1__kernels__1_1_	0.00745742	99.3668433721	0.952113882441	0.962706264177	96.20059272085511	59.3843098312
/mnt/permanent/Home/nessie/velkey/logs/sentence/sentence_lstm__64_64_64__conv_channel__120_20_1__kernels__3_1_1_	0.00626409	99.4905105113	0.957836221381	0.969935552649	96.94315873597283	65.7646474677
/mnt/permanent/Home/nessie/velkey/logs/sentence/sentence_lstm__128_64_64_64__conv_channel__20_20_1__kernels__3_7_3_	0.00661897	99.4976657047	0.960637458017	0.97041293097	96.8965402417502	65.9880834161
/mnt/permanent/Home/nessie/velkey/logs/sentence/sentence_lstm__256_256_256__conv_channel__200_1__kernels__3_7_	0.00764788	99.4483512074	0.955298874958	0.967446605065	96.59019013685858	63.1578947368
/mnt/permanent/Home/nessie/velkey/logs/sentence/sentence_lstm__128_64__conv_channel__200_1__kernels__5_3_	0.00605421	99.629094256	0.974277253217	0.978310374897	97.79678189342812	70.8043694141
/mnt/permanent/Home/nessie/velkey/logs/sentence/sentence_lstm__128_64__conv_channel__20_1__kernels__1_5_	0.00683339	99.4719299761	0.955263466589	0.96880755174	96.80421753988288	62.140019861
/mnt/permanent/Home/nessie/velkey/logs/sentence/sentence_lstm__256_256__conv_channel__120_1__kernels__5_7_	0.139587	91.4202036623	0.0	nan	57.06042965328937	2.35849056604
/mnt/permanent/Home/nessie/velkey/logs/sentence/sentence_lstm__64_64_64__conv_channel__200_200_1__kernels__5_5_5_	0.0140875	98.7222113462	0.917191774643	0.924906683322	92.39606408737315	36.9910625621
/mnt/permanent/Home/nessie/velkey/logs/sentence/sentence_lstm__256_128_128_64__conv_channel__120_120_1__kernels__3_3_1_	0.014123	98.6324961603	0.882102643149	0.917089839723	91.6353101794812	34.8063555114
/mnt/permanent/Home/nessie/velkey/logs/sentence/sentence_lstm__128_128_64__conv_channel__80_80_1__kernels__5_3_3_	0.00645906	99.468760012	0.971307783788	0.969134926927	96.77845894939296	61.7428003972
/mnt/permanent/Home/nessie/velkey/logs/sentence/sentence_lstm__256_128_64__conv_channel__20_20_1__kernels__5_3_3_	0.00780899	99.3253245555	0.952934331489	0.960382828296	95.85458417048753	56.0079443893
/mnt/permanent/Home/nessie/velkey/logs/sentence/sentence_lstm__256_64__conv_channel__200_1__kernels__7_3_	0.00839425	99.2642295647	0.941557548494	0.956465310745	95.47679150996858	53.8728897716
/mnt/permanent/Home/nessie/velkey/logs/sentence/sentence_lstm__64_64__conv_channel__20_20_1__kernels__3_5_5_	0.00657031	99.4958930239	0.957509898837	0.970243260732	96.98281043394638	64.0516385303
/mnt/permanent/Home/nessie/velkey/logs/sentence/sentence_lstm__256_64_64_64__conv_channel__20_20_20_1__kernels__1_7_5_1_	0.012992	98.7825443844	0.900590598755	0.92697175417	92.79411275015818	40.1688182721
/mnt/permanent/Home/nessie/velkey/logs/sentence/sentence_lstm__64_64_64__conv_channel__200_200_1__kernels__3_3_5_	0.00768561	99.3772812783	0.951579794929	0.963269104737	96.23924578847046	58.5898709037
/mnt/permanent/Home/nessie/velkey/logs/sentence/sentence_lstm__64_64_64__conv_channel__200_80_1__kernels__7_5_7_	0.0095897	99.2246101663	0.944398110284	0.954357465703	95.42012261089073	53.1032770606
/mnt/permanent/Home/nessie/velkey/logs/sentence/sentence_lstm__128_64__conv_channel__200_80_1__kernels__5_7_7_	0.00569776	99.5550069409	0.965947229081	0.973854353039	97.31610668975392	68.7934458788
/mnt/permanent/Home/nessie/velkey/logs/sentence/sentence_lstm__64_64__conv_channel__120_1__kernels__5_5_	0.00621669	99.5957551953	0.972772663717	0.976384357123	97.56152010028678	69.0665342602
/mnt/permanent/Home/nessie/velkey/logs/sentence/sentence_lstm__128_64_64__conv_channel__200_120_1__kernels__5_1_1_	0.0123292	98.849672395	0.918421743565	0.931995255431	92.8768911098518	40.2929493545
/mnt/permanent/Home/nessie/velkey/logs/sentence/sentence_lstm__256_64_64__conv_channel__20_1__kernels__5_3_	0.0089147	99.2859045166	0.947185612342	0.957920920813	95.52462455462688	55.8341608739
/mnt/permanent/Home/nessie/velkey/logs/sentence/sentence_lstm__256_64_64_64__conv_channel__80_20_20_1__kernels__5_5_5_3_	0.137152	91.4184074509	0.0	nan	57.00942359561786	2.43296921549
/mnt/permanent/Home/nessie/velkey/logs/sentence/sentence_lstm__128_128_64__conv_channel__120_80_80_1__kernels__7_7_5_3_	0.00691187	99.4264753652	0.960984349525	0.966400021996	96.57021078219174	63.1578947368
/mnt/permanent/Home/nessie/velkey/logs/sentence/sentence_lstm__128_64__conv_channel__20_1__kernels__3_3_	0.00677514	99.4915000746	0.962208050763	0.970097248534	96.89987013419467	66.2115193644
/mnt/permanent/Home/nessie/velkey/logs/sentence/sentence_lstm__64_64_64__conv_channel__20_1__kernels__5_3_	0.00709803	99.3878296174	0.952638162508	0.96390436956	96.30881422530052	60.3028798411
/mnt/permanent/Home/nessie/velkey/logs/sentence/sentence_lstm__256_256_64_64__conv_channel__200_20_1__kernels__5_5_3_	0.119037	91.6443644195	0.0479581365683	0.0895950789123	57.81858745962506	2.92949354518
/mnt/permanent/Home/nessie/velkey/logs/sentence/sentence_lstm__256_64__conv_channel__200_80_20_1__kernels__3_1_1_5_	0.00796612	99.3624136222	0.952192866728	0.962447688925	96.0424228297426	59.5084409136
/mnt/permanent/Home/nessie/velkey/logs/sentence/sentence_lstm__256_256_256__conv_channel__20_20_20_1__kernels__3_3_1_1_	0.139512	91.4184074509	0.0	nan	57.00942359561786	2.43296921549
/mnt/permanent/Home/nessie/velkey/logs/sentence/sentence_lstm__128_128_128_64__conv_channel__200_20_1__kernels__7_7_7_	0.0227084	97.8284152592	0.866475104465	0.872506423243	87.09500183144084	21.1271102284
/mnt/permanent/Home/nessie/velkey/logs/sentence/sentence_lstm__64_64__conv_channel__20_20_20_1__kernels__5_3_3_1_	0.00619611	99.533967177	0.959490089618	0.972470748197	97.22952948619759	67.9493545184
/mnt/permanent/Home/nessie/velkey/logs/sentence/sentence_lstm__64_64_64_64__conv_channel__20_1__kernels__7_3_	0.00612923	99.4864623492	0.962612265223	0.96985686614	96.86823615597217	64.498510427
/mnt/permanent/Home/nessie/velkey/logs/sentence/sentence_lstm__128_128__conv_channel__200_120_20_1__kernels__3_3_5_1_	0.00808528	99.3028892073	0.954696676805	0.9591376291	95.72941293996205	56.8768619662
/mnt/permanent/Home/nessie/velkey/logs/sentence/sentence_lstm__128_64__conv_channel__120_80_1__kernels__1_1_7_	0.00762405	99.4271980486	0.951717078442	0.966091377206	96.5152675568579	61.4448857994
/mnt/permanent/Home/nessie/velkey/logs/sentence/sentence_lstm__256_256_256__conv_channel__100_64_32_1__kernels__9_7_3_1_	0.00691087	99.4229566604	0.962811594465	0.966253316106	96.50026617210173	60.3277060576