/mnt/permanent/Home/nessie/velkey/logs/sentence_conv/sentence_convlstm__256_256__conv_channel__8_4_1__kernels__3_9_3_	0.0150639	98.6337017987	0.894867290451	0.918253219274	91.92834071459491	36.2959285005
/mnt/permanent/Home/nessie/velkey/logs/sentence_conv/sentence_convlstm__128_128__conv_channel__16_1__kernels__5_1_	0.0129585	98.8230923956	0.911305494577	0.930016632445	92.88235489993674	42.0804369414
/mnt/permanent/Home/nessie/velkey/logs/sentence_conv/sentence_convlstm__128_128__conv_channel__4_1__kernels__1_1_	0.0239122	97.698867653	0.812974674701	0.858357274738	86.34078119276747	20.233366435
/mnt/permanent/Home/nessie/velkey/logs/sentence_conv/sentence_convlstm__128_64_64__conv_channel__64_32_1__kernels__1_7_7_	0.00972614	99.1363612849	0.927779006227	0.948565050166	94.87529552795445	50.819265144
/mnt/permanent/Home/nessie/velkey/logs/sentence_conv/sentence_convlstm__128_128_64__conv_channel__64_32_1__kernels__3_9_3_	0.00763153	99.3670096262	0.952383290707	0.962730494935	96.18893809729946	59.6573982125
/mnt/permanent/Home/nessie/velkey/logs/sentence_conv/sentence_convlstm__128_128__conv_channel__64_4_1__kernels__9_9_1_	0.00852254	99.2611702188	0.949217959159	0.95658712145	95.49132563018215	55.1390268123
/mnt/permanent/Home/nessie/velkey/logs/sentence_conv/sentence_convlstm__128_128__conv_channel__64_1__kernels__9_1_	0.0128203	98.8318043142	0.92265033616	0.93126497568	92.95394758749292	41.0377358491
/mnt/permanent/Home/nessie/velkey/logs/sentence_conv/sentence_convlstm__128_128_64__conv_channel__16_8_1__kernels__5_1_1_	0.018506	98.2328234235	0.863594060033	0.893422956116	89.28107622123805	27.1598808342
/mnt/permanent/Home/nessie/velkey/logs/sentence_conv/sentence_convlstm__64_64__conv_channel__8_1__kernels__1_5_	0.0230369	97.7957730378	0.828274651305	0.865648133033	86.90353301588358	21.7974180735
/mnt/permanent/Home/nessie/velkey/logs/sentence_conv/sentence_convlstm__64_64_64__conv_channel__8_4_1__kernels__5_3_7_	0.0142212	98.6944072078	0.914535792013	0.923208065224	92.09317039059638	37.7110228401
/mnt/permanent/Home/nessie/velkey/logs/sentence_conv/sentence_convlstm__64_64_64__conv_channel__8_1__kernels__9_5_	0.0267124	97.4141630714	0.818541472782	0.844495708896	84.58426292830742	18.594836147
/mnt/permanent/Home/nessie/velkey/logs/sentence_conv/sentence_convlstm__128_64_64__conv_channel__64_16_1__kernels__7_3_3_	0.00780195	99.3666903162	0.958069450216	0.96289195925	96.10402583996537	59.1360476663
/mnt/permanent/Home/nessie/velkey/logs/sentence_conv/sentence_convlstm__64_64_64__conv_channel__64_1__kernels__1_9_	0.0177221	98.3399496262	0.879055699425	0.900828718763	90.00865772035563	29.4935451837
/mnt/permanent/Home/nessie/velkey/logs/sentence_conv/sentence_convlstm__64_64_64__conv_channel__64_1__kernels__7_3_	0.00918448	99.271939663	0.939408610242	0.95679218931	95.51463487729346	55.1886792453
/mnt/permanent/Home/nessie/velkey/logs/sentence_conv/sentence_convlstm__256_128_128__conv_channel__32_8_1__kernels__7_9_5_	0.0107777	99.0245857886	0.938404951699	0.942873204021	94.1260697279478	47.3932472691
/mnt/permanent/Home/nessie/velkey/logs/sentence_conv/sentence_convlstm__128_64_64__conv_channel__4_4_1__kernels__9_1_3_	0.0160203	98.5443953783	0.893479580925	0.913259474855	91.32396523592288	34.2601787488
/mnt/permanent/Home/nessie/velkey/logs/sentence_conv/sentence_convlstm__128_128__conv_channel__64_1__kernels__1_7_	0.0117922	98.9363566082	0.92819897956	0.937347700996	93.60827145283207	44.1410129096
/mnt/permanent/Home/nessie/velkey/logs/sentence_conv/sentence_convlstm__256_256__conv_channel__32_4_1__kernels__9_9_1_	0.00888342	99.2644501896	0.958924230804	0.957203722245	95.50631014618229	55.0397219464
/mnt/permanent/Home/nessie/velkey/logs/sentence_conv/sentence_convlstm__64_64__conv_channel__8_1__kernels__3_9_	0.0172547	98.385899894	0.890807697704	0.904435807978	90.3666211581366	30.6107249255
/mnt/permanent/Home/nessie/velkey/logs/sentence_conv/sentence_convlstm__256_256_64__conv_channel__16_1__kernels__5_1_	0.0129298	98.8212684389	0.914672281546	0.930135380329	92.8990043621591	40.4170804369
/mnt/permanent/Home/nessie/velkey/logs/sentence_conv/sentence_convlstm__64_64_64__conv_channel__32_1__kernels__9_3_	0.00952597	99.1825183858	0.94198753566	0.951877877014	95.01015617195566	52.3336643496
/mnt/permanent/Home/nessie/velkey/logs/sentence_conv/sentence_convlstm__64_64__conv_channel__16_8_1__kernels__1_1_9_	0.0187843	98.220774095	0.902583428648	0.896918610682	89.3193699843495	28.1032770606
/mnt/permanent/Home/nessie/velkey/logs/sentence_conv/sentence_convlstm__64_64__conv_channel__8_4_1__kernels__9_9_9_	0.012766	98.8582905982	0.913251119966	0.932080056444	93.18537511238387	41.956305859
/mnt/permanent/Home/nessie/velkey/logs/sentence_conv/sentence_convlstm__256_64__conv_channel__32_8_1__kernels__3_5_9_	0.0106999	99.065305236	0.923133676434	0.944262741763	94.33918284439413	48.4359483615
/mnt/permanent/Home/nessie/velkey/logs/sentence_conv/sentence_convlstm__256_256_64__conv_channel__16_4_1__kernels__5_5_5_	0.0120089	98.9303815686	0.912586959073	0.936042600528	93.60827145283207	44.4885799404
/mnt/permanent/Home/nessie/velkey/logs/sentence_conv/sentence_convlstm__64_64__conv_channel__8_8_1__kernels__3_7_3_	0.0169429	98.4599583022	0.886080482134	0.908001568926	90.7445639505844	32.27408143
/mnt/permanent/Home/nessie/velkey/logs/sentence_conv/sentence_convlstm__128_64_64__conv_channel__32_8_1__kernels__3_5_3_	0.0101123	99.103973571	0.936403196872	0.947182556174	94.60890413239652	49.4289970209
/mnt/permanent/Home/nessie/velkey/logs/sentence_conv/sentence_convlstm__256_128_128__conv_channel__8_1__kernels__9_1_	0.139501	91.4182947785	0.0	nan	57.00942359561786	2.43296921549
/mnt/permanent/Home/nessie/velkey/logs/sentence_conv/sentence_convlstm__64_64_64__conv_channel__4_4_1__kernels__3_9_5_	0.022401	97.8585939956	0.885025937554	0.876374542681	87.33308914122074	23.6097318769
/mnt/permanent/Home/nessie/velkey/logs/sentence_conv/sentence_convlstm__128_128__conv_channel__32_32_1__kernels__1_5_7_	0.0543011	94.3766001472	0.491241354795	0.599646649081	68.80057274150046	4.74180734856