/mnt/permanent/Home/nessie/velkey/logs/word_conv/word_convlstm__128_128_128__conv_channel__64_1__kernels__3_5_	0.0276408	97.1189532484	0.884374661176	0.900935940206	74.4278753876
/mnt/permanent/Home/nessie/velkey/logs/word_conv/word_convlstm__64_64_64__conv_channel__64_1__kernels__3_3_	0.0283982	96.8581827215	0.879404903031	0.892414541846	72.4789605788
/mnt/permanent/Home/nessie/velkey/logs/word_conv/word_convlstm__128_128__conv_channel__64_16_4_1__kernels__7_3_5_7_	0.0279924	97.1181133878	0.875575770468	0.899952829066	74.6788719917
/mnt/permanent/Home/nessie/velkey/logs/word_conv/word_convlstm__64_64_64__conv_channel__4_1__kernels__9_7_	0.0360797	96.0170679441	0.815284668553	0.858610622578	66.8093902259
/mnt/permanent/Home/nessie/velkey/logs/word_conv/word_convlstm__128_64__conv_channel__32_32_16_1__kernels__9_9_1_7_	0.0291019	97.2001649626	0.896776930843	0.904687220246	75.8452679758
/mnt/permanent/Home/nessie/velkey/logs/word_conv/word_convlstm__128_64__conv_channel__64_1__kernels__3_5_	0.025661	97.2714212674	0.891843572947	0.906384880123	75.6090358777
/mnt/permanent/Home/nessie/velkey/logs/word_conv/word_convlstm__256_256_128_64__conv_channel__64_64_4_1__kernels__3_9_3_3_	0.0285965	97.0382817144	0.876686242944	0.897737169888	74.3983463753
/mnt/permanent/Home/nessie/velkey/logs/word_conv/word_convlstm__256_256_256_128__conv_channel__8_8_8_1__kernels__5_3_5_5_	0.0296198	96.6289830058	0.856495422933	0.882753919483	70.7072198435
/mnt/permanent/Home/nessie/velkey/logs/word_conv/word_convlstm__256_64_64__conv_channel__64_4_1__kernels__9_9_3_	0.0341291	96.6728177797	0.899246681433	0.889081963828	71.8736158276
/mnt/permanent/Home/nessie/velkey/logs/word_conv/word_convlstm__256_64_64__conv_channel__16_16_16_1__kernels__3_5_9_5_	0.0280021	96.857507411	0.861920131662	0.890561868603	73.0400118116
/mnt/permanent/Home/nessie/velkey/logs/word_conv/word_convlstm__128_128__conv_channel__4_1__kernels__9_3_	0.19763	85.1525756077	0.0	nan	14.2625129189
/mnt/permanent/Home/nessie/velkey/logs/word_conv/word_convlstm__128_128_128__conv_channel__32_16_4_1__kernels__3_9_3_3_	0.0257372	97.2722587442	0.889310774697	0.906292196031	75.9633840248
/mnt/permanent/Home/nessie/velkey/logs/word_conv/word_convlstm__256_128_128_64__conv_channel__64_4_1__kernels__1_5_9_	0.0311656	96.5873705795	0.852474448272	0.880998168034	70.53004577
/mnt/permanent/Home/nessie/velkey/logs/word_conv/word_convlstm__64_64__conv_channel__32_32_1__kernels__1_7_5_	0.0277759	96.8665805353	0.877957064124	0.892486493318	72.5823121217
/mnt/permanent/Home/nessie/velkey/logs/word_conv/word_convlstm__128_64_64_64__conv_channel__32_1__kernels__9_3_	0.0296533	96.9748512102	0.867901763163	0.894764860069	73.1581278606
/mnt/permanent/Home/nessie/velkey/logs/word_conv/word_convlstm__64_64_64_64__conv_channel__64_1__kernels__3_5_	0.0260408	97.2058534042	0.892114489213	0.904453729474	75.0332201388
/mnt/permanent/Home/nessie/velkey/logs/word_conv/word_convlstm__256_256_64__conv_channel__16_1__kernels__5_5_	0.029528	96.7247323714	0.854156231356	0.885469600688	71.5635611989
/mnt/permanent/Home/nessie/velkey/logs/word_conv/word_convlstm__64_64__conv_channel__8_4_4_1__kernels__1_3_9_3_	0.0340665	96.2334262176	0.8348109305	0.867921218433	67.6804960874
/mnt/permanent/Home/nessie/velkey/logs/word_conv/word_convlstm__256_256_64__conv_channel__8_1__kernels__3_1_	0.0328335	96.2869418813	0.828920570827	0.868713574945	68.3596633693
/mnt/permanent/Home/nessie/velkey/logs/word_conv/word_convlstm__64_64_64__conv_channel__64_8_1__kernels__7_1_1_	0.0275086	97.0404401363	0.859051179378	0.89588589231	73.6896500812
/mnt/permanent/Home/nessie/velkey/logs/word_conv/word_convlstm__128_64_64__conv_channel__64_1__kernels__9_3_	0.0317086	96.9499500642	0.870545994383	0.894399708284	73.0547763177
/mnt/permanent/Home/nessie/velkey/logs/word_conv/word_convlstm__128_128__conv_channel__4_1__kernels__1_1_	0.0439821	95.1647546427	0.799883036859	0.830569602077	60.8150007382
/mnt/permanent/Home/nessie/velkey/logs/word_conv/word_convlstm__64_64__conv_channel__64_4_4_1__kernels__1_9_5_5_	0.0279564	96.9306359239	0.864880963596	0.893123255721	73.2762439096
/mnt/permanent/Home/nessie/velkey/logs/word_conv/word_convlstm__64_64_64__conv_channel__16_16_1__kernels__9_7_1_	0.0299478	96.7881645878	0.858676545455	0.888039379736	72.390373542
/mnt/permanent/Home/nessie/velkey/logs/word_conv/word_convlstm__256_128__conv_channel__16_1__kernels__3_9_	0.0311842	96.6083860071	0.848397247422	0.881144509285	70.7072198435
/mnt/permanent/Home/nessie/velkey/logs/word_conv/word_convlstm__256_128__conv_channel__8_4_4_1__kernels__9_5_3_5_	0.0301792	96.8127374396	0.859037551427	0.88873381368	72.1393769378
/mnt/permanent/Home/nessie/velkey/logs/word_conv/word_convlstm__64_64_64__conv_channel__64_1__kernels__9_3_	0.029753	97.1989197615	0.892128710074	0.904241440037	74.9151040898
/mnt/permanent/Home/nessie/velkey/logs/word_conv/word_convlstm__64_64_64_64__conv_channel__64_1__kernels__1_5_	0.0277414	96.8962547227	0.881487372746	0.893943897454	72.8628377381
/mnt/permanent/Home/nessie/velkey/logs/word_conv/word_convlstm__256_128_64__conv_channel__4_4_4_1__kernels__3_9_9_5_	0.0329502	96.3693936191	0.842411415899	0.87313237049	68.905950096
/mnt/permanent/Home/nessie/velkey/logs/word_conv/word_convlstm__256_64_64__conv_channel__4_4_1__kernels__9_3_1_	0.191598	85.1525756077	0.0	nan	14.2625129189
/mnt/permanent/Home/nessie/velkey/logs/word_conv/word_convlstm__128_128_64_64__conv_channel__64_1__kernels__3_3_	0.0265305	97.1761417411	0.874608872106	0.901833123548	75.2103942123
/mnt/permanent/Home/nessie/velkey/logs/word_conv/word_convlstm__128_64_64__conv_channel__4_4_1__kernels__3_1_5_	0.0359026	95.969782842	0.811919226448	0.856571998548	65.8644618338
/mnt/permanent/Home/nessie/velkey/logs/word_conv/word_convlstm__128_128_128__conv_channel__8_8_4_1__kernels__1_1_9_9_	0.0373365	95.9319388279	0.830052366685	0.858138315839	65.8792263399
/mnt/permanent/Home/nessie/velkey/logs/word_conv/word_convlstm__64_64_64_64__conv_channel__16_1__kernels__3_1_	0.0322558	96.4118708647	0.843473320449	0.874526240672	69.4670013288
/mnt/permanent/Home/nessie/velkey/logs/word_conv/word_convlstm__256_128__conv_channel__16_8_4_1__kernels__7_3_5_7_	0.0276165	97.0547278991	0.872534650786	0.897717013105	73.8668241547
/mnt/permanent/Home/nessie/velkey/logs/word_conv/word_convlstm__256_128_64__conv_channel__16_16_1__kernels__7_7_7_	0.0283621	96.931698853	0.860325931464	0.89274206428	73.2467148974
/mnt/permanent/Home/nessie/velkey/logs/word_conv/word_convlstm__64_64_64_64__conv_channel__16_16_1__kernels__1_9_3_	0.0309478	96.5687724998	0.833901614951	0.87814220079	70.4562232393
/mnt/permanent/Home/nessie/velkey/logs/word_conv/word_convlstm__64_64__conv_channel__8_8_8_1__kernels__3_7_9_7_	0.0295729	96.6598468601	0.868483097372	0.885132299977	71.460209656
/mnt/permanent/Home/nessie/velkey/logs/word_conv/word_convlstm__64_64_64_64__conv_channel__32_16_16_1__kernels__9_7_3_9_	0.030348	97.2407379236	0.878570592983	0.904256425176	76.214380629
/mnt/permanent/Home/nessie/velkey/logs/word_conv/word_convlstm__256_128_64__conv_channel__32_1__kernels__5_7_	0.0274719	97.097277251	0.889809169971	0.900892654729	74.6641074856
/mnt/permanent/Home/nessie/velkey/logs/word_conv/word_convlstm__128_64__conv_channel__64_1__kernels__1_7_	0.0273554	96.9622148471	0.868100772734	0.89432947721	73.320537428
/mnt/permanent/Home/nessie/velkey/logs/word_conv/word_convlstm__64_64_64__conv_channel__8_4_1__kernels__5_7_9_	0.0311368	96.4954445629	0.863931332685	0.879710371216	70.07234608
/mnt/permanent/Home/nessie/velkey/logs/word_conv/word_convlstm__64_64_64__conv_channel__64_32_1__kernels__1_7_1_	0.0265205	97.0319970713	0.876771029673	0.89745210202	73.9406466854
/mnt/permanent/Home/nessie/velkey/logs/word_conv/word_convlstm__64_64__conv_channel__32_32_1__kernels__3_3_5_	0.0276929	96.9088503122	0.849574866231	0.89061619892	73.2467148974
/mnt/permanent/Home/nessie/velkey/logs/word_conv/word_convlstm__64_64__conv_channel__8_8_8_1__kernels__5_5_3_9_	0.0296025	96.6604788759	0.856740161854	0.883835256061	71.1058615089
/mnt/permanent/Home/nessie/velkey/logs/word_conv/word_convlstm__128_128_128_128__conv_channel__8_8_8_1__kernels__3_7_5_7_	0.0300564	96.6539537127	0.863583184146	0.88442656832	71.0910970028
/mnt/permanent/Home/nessie/velkey/logs/word_conv/word_convlstm__128_64__conv_channel__16_1__kernels__1_1_	0.0358971	95.9801313461	0.821520628357	0.858389113448	65.9382843644
/mnt/permanent/Home/nessie/velkey/logs/word_conv/word_convlstm__256_64_64__conv_channel__4_4_1__kernels__1_1_1_	0.0385908	95.7137767522	0.833476466145	0.852255903727	64.1665436291
/mnt/permanent/Home/nessie/velkey/logs/word_conv/word_convlstm__256_256_64__conv_channel__4_1__kernels__3_7_	0.0355137	96.0973574881	0.844061573907	0.864996906733	67.3556769526
/mnt/permanent/Home/nessie/velkey/logs/word_conv/word_convlstm__256_64_64__conv_channel__4_4_4_1__kernels__7_1_7_5_	0.0335058	96.3327360961	0.833488583193	0.870813366204	68.8321275653
/mnt/permanent/Home/nessie/velkey/logs/word_conv/word_convlstm__256_64_64__conv_channel__4_1__kernels__5_1_	0.19763	85.1525756077	0.0	nan	14.2625129189
/mnt/permanent/Home/nessie/velkey/logs/word_conv/word_convlstm__256_64_64__conv_channel__64_4_1__kernels__7_7_9_	0.0296343	97.2547343493	0.899512371394	0.90664528483	75.6533293961
/mnt/permanent/Home/nessie/velkey/logs/word_conv/word_convlstm__128_128_64__conv_channel__64_1__kernels__3_1_	0.0279152	96.9512652875	0.864590523631	0.893700201945	73.438653477
/mnt/permanent/Home/nessie/velkey/logs/word_conv/word_convlstm__128_128_64__conv_channel__32_1__kernels__7_5_	0.0285416	97.0008625413	0.878464156777	0.896764657594	73.7044145873
/mnt/permanent/Home/nessie/velkey/logs/word_conv/word_convlstm__64_64_64__conv_channel__64_1__kernels__7_5_	0.0299298	97.0971561777	0.873045697774	0.899132002443	74.6936364979
/mnt/permanent/Home/nessie/velkey/logs/word_conv/word_convlstm__128_64__conv_channel__8_8_1__kernels__9_9_7_	0.136949	85.1525756077	0.0	nan	14.2625129189
/mnt/permanent/Home/nessie/velkey/logs/word_conv/word_convlstm__64_64_64__conv_channel__64_32_1__kernels__7_9_3_	0.0315975	97.3343882386	0.907515282916	0.90981715728	76.686844825
/mnt/permanent/Home/nessie/velkey/logs/word_conv/word_convlstm__256_64_64__conv_channel__4_4_4_1__kernels__7_5_1_3_	0.0384988	95.8006219098	0.840321384571	0.855818777675	65.4067621438
/mnt/permanent/Home/nessie/velkey/logs/word_conv/word_convlstm__256_64__conv_channel__64_16_4_1__kernels__1_7_3_7_	0.0290622	96.6979077732	0.853762766674	0.884639734561	71.5930902111
/mnt/permanent/Home/nessie/velkey/logs/word_conv/word_convlstm__256_256__conv_channel__4_4_4_1__kernels__9_9_1_3_	0.0336817	96.2267473235	0.837488911306	0.86804280125	68.0348442345
/mnt/permanent/Home/nessie/velkey/logs/word_conv/word_convlstm__256_64_64_64__conv_channel__8_4_4_1__kernels__7_5_9_5_	0.0287524	96.8209779083	0.884126103202	0.891851408276	72.3608445298
/mnt/permanent/Home/nessie/velkey/logs/word_conv/word_convlstm__128_64_64_64__conv_channel__8_8_4_1__kernels__7_1_5_9_	0.0293669	96.7532181195	0.85826121061	0.886879190075	71.8588513214
/mnt/permanent/Home/nessie/velkey/logs/word_conv/word_convlstm__128_128__conv_channel__8_8_4_1__kernels__7_3_1_9_	0.141361	85.1525756077	0.0	nan	14.2625129189
/mnt/permanent/Home/nessie/velkey/logs/word_conv/word_convlstm__64_64_64__conv_channel__64_64_1__kernels__7_5_1_	0.0282752	97.3554079158	0.90042210969	0.909936553648	76.3767901964
/mnt/permanent/Home/nessie/velkey/logs/word_conv/word_convlstm__128_64_64__conv_channel__32_1__kernels__5_5_	0.0279163	97.0219508097	0.892710056561	0.89894774949	74.1768787834
/mnt/permanent/Home/nessie/velkey/logs/word_conv/word_convlstm__128_64_64_64__conv_channel__32_1__kernels__9_7_	0.0291392	97.1268929139	0.886887156991	0.90153735182	74.7674590285
/mnt/permanent/Home/nessie/velkey/logs/word_conv/word_convlstm__128_64_64_64__conv_channel__4_4_4_1__kernels__5_7_9_1_	0.03248	96.3326364365	0.853217747926	0.873314111139	68.8321275653
/mnt/permanent/Home/nessie/velkey/logs/word_conv/word_convlstm__64_64__conv_channel__8_1__kernels__7_7_	0.0363507	96.0174264327	0.824474684828	0.860006742676	66.824154732
/mnt/permanent/Home/nessie/velkey/logs/word_conv/word_convlstm__128_128_128_64__conv_channel__4_1__kernels__5_3_	0.0359089	96.0438917215	0.853664360261	0.86480085032	66.7798612136
/mnt/permanent/Home/nessie/velkey/logs/word_conv/word_convlstm__128_64_64__conv_channel__32_4_1__kernels__5_3_7_	0.0272854	97.039228593	0.881410115695	0.898282955686	74.0292337221
/mnt/permanent/Home/nessie/velkey/logs/word_conv/word_convlstm__128_128__conv_channel__8_8_1__kernels__5_3_9_	0.0298453	96.6710908675	0.855732324272	0.884094690542	71.0172744722
/mnt/permanent/Home/nessie/velkey/logs/word_conv/word_convlstm__128_64__conv_channel__16_16_4_1__kernels__5_5_7_1_	0.026654	97.0535860462	0.883003825854	0.898763021203	74.014469216
/mnt/permanent/Home/nessie/velkey/logs/word_conv/word_convlstm__128_64_64_64__conv_channel__64_4_4_1__kernels__9_7_1_1_	0.0326188	97.2487480188	0.926325868677	0.909010163044	75.9929130371
/mnt/permanent/Home/nessie/velkey/logs/word_conv/word_convlstm__128_64_64__conv_channel__4_4_4_1__kernels__5_5_3_3_	0.0320494	96.4779321903	0.849681420776	0.877353985702	69.7622914514
/mnt/permanent/Home/nessie/velkey/logs/word_conv/word_convlstm__256_128__conv_channel__64_32_1__kernels__9_7_9_	0.0322929	97.1936582527	0.892335918487	0.904118661264	75.5499778532
/mnt/permanent/Home/nessie/velkey/logs/word_conv/word_convlstm__128_64__conv_channel__32_1__kernels__7_7_	0.0285567	97.0318490267	0.886036518134	0.898472839641	73.7487081057
/mnt/permanent/Home/nessie/velkey/logs/word_conv/word_convlstm__256_256_256__conv_channel__4_4_1__kernels__5_5_3_	0.0333699	96.3802578361	0.847890502691	0.874080907675	68.9797726266
/mnt/permanent/Home/nessie/velkey/logs/word_conv/word_convlstm__256_256_128_64__conv_channel__16_8_1__kernels__5_5_1_	0.0299915	96.707291866	0.857775668362	0.885385148829	71.9179093459
/mnt/permanent/Home/nessie/velkey/logs/word_conv/word_convlstm__256_64_64_64__conv_channel__16_4_4_1__kernels__1_1_9_9_	0.0389839	95.7617992004	0.793877189073	0.847450850557	64.6980658497
/mnt/permanent/Home/nessie/velkey/logs/word_conv/word_convlstm__256_256_128_64__conv_channel__64_64_4_1__kernels__3_5_9_5_	0.0286716	97.0891722214	0.87929506748	0.899502665241	74.5755204488
/mnt/permanent/Home/nessie/velkey/logs/word_conv/word_convlstm__256_128_64_64__conv_channel__32_1__kernels__1_7_	0.0321412	96.4947354326	0.845139659596	0.877333392276	69.8656429942
/mnt/permanent/Home/nessie/velkey/logs/word_conv/word_convlstm__128_64_64_64__conv_channel__64_1__kernels__7_7_	0.0289892	97.2573268451	0.887149121562	0.905566440033	75.9633840248
/mnt/permanent/Home/nessie/velkey/logs/word_conv/word_convlstm__64_64_64_64__conv_channel__8_8_4_1__kernels__9_7_5_7_	0.0325575	96.3598558518	0.865360303334	0.875780027291	69.1274176879
/mnt/permanent/Home/nessie/velkey/logs/word_conv/word_convlstm__128_64_64__conv_channel__4_4_1__kernels__1_3_5_	0.0389905	95.6737544543	0.816769094502	0.848416658626	63.8269599882
/mnt/permanent/Home/nessie/velkey/logs/word_conv/word_convlstm__128_64__conv_channel__8_4_4_1__kernels__7_3_1_3_	0.0306515	96.5228481794	0.875740441203	0.881911660778	70.1461686107
/mnt/permanent/Home/nessie/velkey/logs/word_conv/word_convlstm__256_128_64_64__conv_channel__64_64_8_1__kernels__3_7_1_9_	0.0246391	97.3778393626	0.906728224582	0.911217176084	76.7459028495
/mnt/permanent/Home/nessie/velkey/logs/word_conv/word_convlstm__256_128_64__conv_channel__32_8_1__kernels__5_1_1_	0.0272623	96.9879824103	0.857162569272	0.893968128248	73.438653477
/mnt/permanent/Home/nessie/velkey/logs/word_conv/word_convlstm__256_64__conv_channel__8_4_4_1__kernels__5_5_1_7_	0.0306957	96.5720125126	0.847236704654	0.880020827098	70.5595747822
/mnt/permanent/Home/nessie/velkey/logs/word_conv/word_convlstm__128_64__conv_channel__8_8_4_1__kernels__1_5_7_1_	0.0339326	96.2105139771	0.837689998795	0.867581115421	67.4737930016
/mnt/permanent/Home/nessie/velkey/logs/word_conv/word_convlstm__256_64_64__conv_channel__32_8_4_1__kernels__7_1_1_3_	0.0270194	97.0703332284	0.883831090353	0.899335533565	74.1621142773
/mnt/permanent/Home/nessie/velkey/logs/word_conv/word_convlstm__128_64_64__conv_channel__8_1__kernels__3_9_	0.0333963	96.257423899	0.841516270159	0.869600203978	67.9462571977
/mnt/permanent/Home/nessie/velkey/logs/word_conv/word_convlstm__64_64__conv_channel__8_8_8_1__kernels__9_1_5_3_	0.153362	85.1525756077	0.0	nan	14.2625129189
/mnt/permanent/Home/nessie/velkey/logs/word_conv/word_convlstm__64_64_64__conv_channel__16_8_1__kernels__7_5_5_	0.0299379	96.8566175972	0.871225170725	0.891531466604	72.4937250849
/mnt/permanent/Home/nessie/velkey/logs/word_conv/word_convlstm__64_64_64_64__conv_channel__16_1__kernels__9_3_	0.0361345	95.9493969949	0.869003511059	0.864090796753	65.8644618338
/mnt/permanent/Home/nessie/velkey/logs/word_conv/word_convlstm__64_64__conv_channel__64_1__kernels__3_5_	0.0256971	97.2432879395	0.875562833281	0.9040074184	75.3580392736
/mnt/permanent/Home/nessie/velkey/logs/word_conv/word_convlstm__64_64_64__conv_channel__4_4_4_1__kernels__9_1_1_3_	0.191633	85.1525756077	0.0	nan	14.2625129189
/mnt/permanent/Home/nessie/velkey/logs/word_conv/word_convlstm__128_128_64__conv_channel__8_8_4_1__kernels__5_7_3_7_	0.0299523	96.6315125539	0.865395731099	0.883877419176	70.4266942271
/mnt/permanent/Home/nessie/velkey/logs/word_conv/word_convlstm__256_64_64__conv_channel__32_4_4_1__kernels__5_7_3_9_	0.0288464	96.8207080801	0.864346601981	0.889495380493	72.2870219991
/mnt/permanent/Home/nessie/velkey/logs/word_conv/word_convlstm__128_128_128__conv_channel__32_1__kernels__9_5_	0.0293024	96.9517277094	0.901609357568	0.897670971283	73.4829469954
/mnt/permanent/Home/nessie/velkey/logs/word_conv/word_convlstm__256_64_64__conv_channel__64_8_1__kernels__3_7_3_	0.025254	97.3555626864	0.910980480062	0.910827271054	76.8197253802
/mnt/permanent/Home/nessie/velkey/logs/word_conv/word_convlstm__256_64_64_64__conv_channel__32_1__kernels__7_3_	0.0283178	97.0411553293	0.901886693256	0.900294421133	73.8372951425
/mnt/permanent/Home/nessie/velkey/logs/word_conv/word_convlstm__64_64__conv_channel__4_1__kernels__7_3_	0.0317365	96.4674833199	0.851205531782	0.877230020915	69.3341207737
/mnt/permanent/Home/nessie/velkey/logs/word_conv/word_convlstm__256_256__conv_channel__4_1__kernels__3_5_	0.0351126	96.0401194322	0.815726248442	0.85941336183	66.3073970176
/mnt/permanent/Home/nessie/velkey/logs/word_conv/word_convlstm__64_64_64_64__conv_channel__8_8_1__kernels__9_9_5_	0.138411	85.1525756077	0.0	nan	14.2625129189
/mnt/permanent/Home/nessie/velkey/logs/word_conv/word_convlstm__256_64__conv_channel__8_8_1__kernels__9_1_7_	0.0299599	96.6966728572	0.865514210844	0.885924092985	71.6078547173
/mnt/permanent/Home/nessie/velkey/logs/word_conv/word_convlstm__128_128_128_128__conv_channel__16_4_4_1__kernels__7_5_7_7_	0.135581	85.1525756077	0.0	nan	14.2625129189
/mnt/permanent/Home/nessie/velkey/logs/word_conv/word_convlstm__64_64_64_64__conv_channel__8_8_8_1__kernels__1_5_9_3_	0.0331432	96.2759372311	0.849998819241	0.871154462725	68.3596633693
/mnt/permanent/Home/nessie/velkey/logs/word_conv/word_convlstm__256_256__conv_channel__4_1__kernels__3_7_	0.0356383	96.1495403271	0.833725664122	0.865308384146	67.1046803484
/mnt/permanent/Home/nessie/velkey/logs/word_conv/word_convlstm__64_64_64_64__conv_channel__4_4_1__kernels__1_9_7_	0.0367755	95.9665236687	0.811493601383	0.85634348551	65.8496973276
/mnt/permanent/Home/nessie/velkey/logs/word_conv/word_convlstm__128_128_128_128__conv_channel__32_1__kernels__5_3_	0.0272237	97.1377654266	0.882571202594	0.901364799038	74.708401004
/mnt/permanent/Home/nessie/velkey/logs/word_conv/word_convlstm__256_128_128__conv_channel__64_64_1__kernels__7_1_9_	0.0274934	97.068830075	0.868738686115	0.897747428778	74.3983463753
/mnt/permanent/Home/nessie/velkey/logs/word_conv/word_convlstm__64_64__conv_channel__16_1__kernels__7_3_	0.0305081	96.7304830057	0.867882225168	0.887314350379	71.7554997785
/mnt/permanent/Home/nessie/velkey/logs/word_conv/word_convlstm__64_64_64_64__conv_channel__32_1__kernels__1_1_	0.0334029	96.2467608052	0.839271196546	0.86890398176	67.8871991732
/mnt/permanent/Home/nessie/velkey/logs/word_conv/word_convlstm__256_256_256_128__conv_channel__4_4_1__kernels__9_3_3_	0.175805	85.1525756077	0.0	nan	14.2625129189
/mnt/permanent/Home/nessie/velkey/logs/word_conv/word_convlstm__128_128_128__conv_channel__16_16_1__kernels__7_7_5_	0.0280563	96.9612014895	0.873429712025	0.894968118434	73.5420050199
/mnt/permanent/Home/nessie/velkey/logs/word_conv/word_convlstm__128_64_64_64__conv_channel__8_8_4_1__kernels__1_7_1_3_	0.0349641	96.1414192645	0.832833088944	0.864822697538	66.8979772627
/mnt/permanent/Home/nessie/velkey/logs/word_conv/word_convlstm__128_128_128__conv_channel__32_1__kernels__7_1_	0.0274165	97.0747706121	0.877694582206	0.898829563787	74.0439982283
/mnt/permanent/Home/nessie/velkey/logs/word_conv/word_convlstm__64_64_64_64__conv_channel__16_8_1__kernels__7_5_5_	0.0283322	96.9414948568	0.871892775216	0.894138817479	73.5862985383
/mnt/permanent/Home/nessie/velkey/logs/word_conv/word_convlstm__64_64_64__conv_channel__32_32_32_1__kernels__9_5_1_7_	0.0307678	97.0912796492	0.879837591398	0.899756047576	74.7822235346
/mnt/permanent/Home/nessie/velkey/logs/word_conv/word_convlstm__256_64__conv_channel__64_16_8_1__kernels__9_7_5_9_	0.0348205	97.0623709188	0.868936980346	0.897526180947	74.590284955