/mnt/permanent/Home/nessie/velkey/logs/word/word_lstm__256_128_128__conv_channel__120_20_20_1__kernels__1_9_7_7_	0.0303465	97.0101465432	0.872224328513	0.896283769762	74.8412815591
/mnt/permanent/Home/nessie/velkey/logs/word/word_lstm__128_128_64_64_64__conv_channel__20_20_20_1__kernels__9_1_9_3_	0.0263984	98.1049694247	0.921612313723	0.935064656912	82.946995423
/mnt/permanent/Home/nessie/velkey/logs/word/word_lstm__256_128_128_128__conv_channel__200_20_20_20_1__kernels__3_3_1_5_3_	0.0262953	97.6441327968	0.926696668805	0.920964515081	79.0491658054
/mnt/permanent/Home/nessie/velkey/logs/word/word_lstm__64_64_64_64_64__conv_channel__80_20_20_20_1__kernels__7_1_7_1_7_	0.0269765	97.1428565502	0.865499951248	0.899857181564	75.402332792
/mnt/permanent/Home/nessie/velkey/logs/word/word_lstm__64_64__conv_channel__20_20_20_20_20_1__kernels__1_7_7_7_3_3_	0.0256649	97.4890448418	0.923539837595	0.916010937914	78.0156503765
/mnt/permanent/Home/nessie/velkey/logs/word/word_lstm__256_256_64_64_64__conv_channel__80_80_1__kernels__9_5_9_	0.0274872	98.1009794033	0.930706547849	0.935441929351	83.0208179536
/mnt/permanent/Home/nessie/velkey/logs/word/word_lstm__64_64_64_64__conv_channel__120_80_80_20_1__kernels__7_5_1_5_5_	0.0232458	97.8258054072	0.91459344891	0.925789005824	80.7323195039
/mnt/permanent/Home/nessie/velkey/logs/word/word_lstm__256_256__conv_channel__80_80_80_20_1__kernels__1_5_9_5_3_	0.0259317	97.9593011713	0.937785026826	0.931560194625	81.9873025247
/mnt/permanent/Home/nessie/velkey/logs/word/word_lstm__256_128_64_64_64__conv_channel__20_20_20_20_20_1__kernels__9_3_9_1_5_3_	0.0303003	96.8472421896	0.881394595209	0.892382200081	73.1581278606
/mnt/permanent/Home/nessie/velkey/logs/word/word_lstm__128_128_128_64_64__conv_channel__20_20_1__kernels__5_7_9_	0.0238896	97.8250272939	0.911711246723	0.925491805844	80.8209065407
/mnt/permanent/Home/nessie/velkey/logs/word/word_lstm__64_64_64__conv_channel__200_80_80_80_1__kernels__9_5_1_3_3_	0.0225537	98.0301727536	0.923160876784	0.932805087823	82.3121216595
/mnt/permanent/Home/nessie/velkey/logs/word/word_lstm__128_64__conv_channel__120_1__kernels__9_7_	0.0311018	98.165979034	0.946372954721	0.938516082309	83.3604015946
/mnt/permanent/Home/nessie/velkey/logs/word/word_lstm__128_64_64_64_64__conv_channel__120_1__kernels__9_3_	0.0268082	97.7989380213	0.921055582822	0.925334905202	80.2893843201
/mnt/permanent/Home/nessie/velkey/logs/word/word_lstm__64_64_64_64__conv_channel__200_20_20_20_20_1__kernels__9_5_3_3_5_9_	0.0227161	97.8431934027	0.916165357114	0.926377464059	80.9833161081
/mnt/permanent/Home/nessie/velkey/logs/word/word_lstm__128_64_64_64_64_64__conv_channel__200_80_20_20_20_1__kernels__5_5_7_7_1_5_	0.131021	85.1683218202	0.0744060843365	0.129491803786	18.1751070427
/mnt/permanent/Home/nessie/velkey/logs/word/word_lstm__256_256_256_128_64__conv_channel__80_20_20_20_20_1__kernels__5_1_5_1_3_7_	0.0292629	97.3977115647	0.89474620647	0.91073639235	77.2921895763
/mnt/permanent/Home/nessie/velkey/logs/word/word_lstm__256_64_64_64__conv_channel__20_1__kernels__7_3_	0.0278161	97.6993296796	0.911497599143	0.921517033256	79.462571977
/mnt/permanent/Home/nessie/velkey/logs/word/word_lstm__128_128_64_64__conv_channel__20_20_20_20_20_1__kernels__5_9_5_5_9_5_	0.0252635	97.9846262986	0.909244878082	0.930334518197	82.1792411044
/mnt/permanent/Home/nessie/velkey/logs/word/word_lstm__256_128_64__conv_channel__200_120_1__kernels__9_9_3_	0.025281	98.1816306519	0.937398498546	0.938504210623	83.5523401742
/mnt/permanent/Home/nessie/velkey/logs/word/word_lstm__64_64_64__conv_channel__120_20_20_20_1__kernels__7_7_7_5_5_	0.0225286	98.117575082	0.941282192734	0.936858401568	82.9912889414
/mnt/permanent/Home/nessie/velkey/logs/word/word_lstm__128_128_128__conv_channel__80_80_20_20_1__kernels__1_5_7_1_5_	0.0253606	98.0017852986	0.941032492443	0.933166472539	82.1644765983
/mnt/permanent/Home/nessie/velkey/logs/word/word_lstm__128_64_64_64__conv_channel__20_20_1__kernels__9_1_3_	0.028332	96.7876642317	0.881259300589	0.890403500641	72.3608445298
/mnt/permanent/Home/nessie/velkey/logs/word/word_lstm__256_256_64__conv_channel__80_1__kernels__7_9_	0.0261131	98.2225976872	0.946530057018	0.940394954321	83.8476302968
/mnt/permanent/Home/nessie/velkey/logs/word/word_lstm__128_128_128_128__conv_channel__20_20_1__kernels__3_1_5_	0.0242711	97.6135352572	0.914314554388	0.918994986345	78.3847630297
/mnt/permanent/Home/nessie/velkey/logs/word/word_lstm__64_64__conv_channel__200_80_20_20_1__kernels__5_1_1_1_9_	0.0273066	97.930873763	0.933510982499	0.930451643244	81.8839509818
/mnt/permanent/Home/nessie/velkey/logs/word/word_lstm__256_256_256__conv_channel__120_1__kernels__9_1_	0.0222689	98.3594529351	0.941585457048	0.944445054153	84.689207146
/mnt/permanent/Home/nessie/velkey/logs/word/word_lstm__256_128_64_64__conv_channel__20_1__kernels__9_7_	0.0257938	98.090167633	0.932423211313	0.935291279735	82.8584083862
/mnt/permanent/Home/nessie/velkey/logs/word/word_lstm__64_64_64__conv_channel__200_200_80_80_20_1__kernels__5_3_7_7_5_5_	0.13699	85.1525756077	0.0	nan	14.2625129189
/mnt/permanent/Home/nessie/velkey/logs/word/word_lstm__256_128__conv_channel__80_80_80_80_80_1__kernels__5_9_1_3_9_9_	0.0240737	98.1746233309	0.92788167217	0.937800503918	83.3308725823
/mnt/permanent/Home/nessie/velkey/logs/word/word_lstm__256_256_256_64_64__conv_channel__80_20_1__kernels__1_9_7_	0.0259466	97.7308879839	0.938865110578	0.924622394929	80.0236232098
/mnt/permanent/Home/nessie/velkey/logs/word/word_lstm__256_128_64_64_64__conv_channel__20_1__kernels__5_1_	0.0295011	97.3648078693	0.906796902681	0.910708293185	76.4653772331
/mnt/permanent/Home/nessie/velkey/logs/word/word_lstm__128_64_64_64__conv_channel__120_80_1__kernels__5_3_7_	0.0233288	97.9042639009	0.929475961155	0.929296747021	80.9242580836
/mnt/permanent/Home/nessie/velkey/logs/word/word_lstm__256_64_64__conv_channel__80_80_20_20_1__kernels__9_1_5_3_5_	0.0344369	97.4685962665	0.940773459433	0.916830909705	78.0599438949
/mnt/permanent/Home/nessie/velkey/logs/word/word_lstm__128_128__conv_channel__20_20_20_1__kernels__5_3_7_7_	0.0242679	97.9740662032	0.927736562299	0.931382818567	81.8691864757
/mnt/permanent/Home/nessie/velkey/logs/word/word_lstm__64_64_64_64_64__conv_channel__80_1__kernels__9_7_	0.0251179	97.796214425	0.918163763652	0.92504381847	80.4370293814
/mnt/permanent/Home/nessie/velkey/logs/word/word_lstm__128_128_64__conv_channel__80_80_20_20_1__kernels__1_9_7_3_7_	0.0258149	97.9404515343	0.916611866428	0.929387140697	81.8544219696
/mnt/permanent/Home/nessie/velkey/logs/word/word_lstm__64_64__conv_channel__20_20_20_20_20_1__kernels__7_5_5_7_5_5_	0.0252857	97.7347407497	0.941326412602	0.924890912586	80.0088587037
/mnt/permanent/Home/nessie/velkey/logs/word/word_lstm__64_64_64_64__conv_channel__120_80_80_80_1__kernels__7_1_5_3_7_	0.0239074	97.7720516532	0.928983518592	0.92513963061	80.3632068507
/mnt/permanent/Home/nessie/velkey/logs/word/word_lstm__64_64_64_64_64_64__conv_channel__200_120_1__kernels__1_9_3_	0.0268312	97.4202813559	0.914464849553	0.913011303966	77.2774250701
/mnt/permanent/Home/nessie/velkey/logs/word/word_lstm__256_64_64_64_64__conv_channel__20_20_20_20_1__kernels__9_1_3_3_5_	0.146734	85.1525756077	0.0	nan	14.2625129189
/mnt/permanent/Home/nessie/velkey/logs/word/word_lstm__256_256_256__conv_channel__20_20_20_20_20_1__kernels__3_1_5_7_3_5_	0.0261231	97.7575568378	0.91657321722	0.923829875762	79.9645651853
/mnt/permanent/Home/nessie/velkey/logs/word/word_lstm__256_256__conv_channel__200_80_80_20_1__kernels__9_7_5_7_9_	0.0223243	98.0827938698	0.932550664744	0.935094590136	82.6812343127
/mnt/permanent/Home/nessie/velkey/logs/word/word_lstm__256_256_64__conv_channel__120_80_20_20_20_1__kernels__9_5_9_3_5_5_	0.0247891	97.7635685227	0.910979234501	0.923439833928	80.0679167282
/mnt/permanent/Home/nessie/velkey/logs/word/word_lstm__256_64_64_64_64_64__conv_channel__20_20_1__kernels__3_1_1_	0.0370245	96.6010256623	0.857884208489	0.882011063064	70.6629263251
/mnt/permanent/Home/nessie/velkey/logs/word/word_lstm__128_128_64_64_64_64__conv_channel__20_1__kernels__9_1_	0.0271232	97.3803370163	0.930097261749	0.913241464189	76.9821349476
/mnt/permanent/Home/nessie/velkey/logs/word/word_lstm__128_64_64_64__conv_channel__200_20_1__kernels__3_1_3_	0.0285518	97.1645237998	0.905620760417	0.904344155847	75.1218071755
/mnt/permanent/Home/nessie/velkey/logs/word/word_lstm__128_64_64_64__conv_channel__80_20_1__kernels__1_5_3_	0.0257225	97.9858406081	0.931458322304	0.932055790478	81.8101284512
/mnt/permanent/Home/nessie/velkey/logs/word/word_lstm__64_64_64__conv_channel__200_120_20_20_1__kernels__7_9_1_9_5_	0.0247473	98.0190855686	0.930575864173	0.933015511481	82.4892957331
/mnt/permanent/Home/nessie/velkey/logs/word/word_lstm__64_64_64__conv_channel__200_1__kernels__5_1_	0.0254254	98.0295221417	0.935365707854	0.933654133699	81.8691864757
/mnt/permanent/Home/nessie/velkey/logs/word/word_lstm__64_64_64_64_64__conv_channel__80_20_20_20_20_1__kernels__5_3_9_9_1_3_	0.0239995	97.7438647594	0.921004106359	0.923588132129	80.274619814
/mnt/permanent/Home/nessie/velkey/logs/word/word_lstm__64_64_64_64_64__conv_channel__20_20_1__kernels__5_7_9_	0.0233839	97.8158204317	0.93266347378	0.92683043128	80.7766130223
/mnt/permanent/Home/nessie/velkey/logs/word/word_lstm__256_256_128_64__conv_channel__120_120_1__kernels__5_5_7_	0.0288707	97.928727272	0.928685126854	0.929989209034	81.3671932674
/mnt/permanent/Home/nessie/velkey/logs/word/word_lstm__128_64_64_64__conv_channel__120_1__kernels__7_1_	0.0220271	98.2117284614	0.930429050668	0.939036721583	84.0100398642
/mnt/permanent/Home/nessie/velkey/logs/word/word_lstm__128_64_64__conv_channel__120_80_1__kernels__5_1_9_	0.0278187	97.7875137373	0.927580081555	0.925427409134	80.3779713569
/mnt/permanent/Home/nessie/velkey/logs/word/word_lstm__64_64_64_64__conv_channel__20_20_20_20_1__kernels__9_1_3_5_3_	0.0242307	97.8087196404	0.925008138401	0.92595083098	80.1860327772
/mnt/permanent/Home/nessie/velkey/logs/word/word_lstm__128_64_64_64_64__conv_channel__80_20_20_1__kernels__3_1_5_5_	0.0271285	97.5938080828	0.915810483075	0.918489785001	78.7391111767
/mnt/permanent/Home/nessie/velkey/logs/word/word_lstm__128_128_128_128_128__conv_channel__200_80_20_20_1__kernels__5_7_9_3_1_	0.0234861	97.905454151	0.937128628843	0.929815295437	81.4705448103
/mnt/permanent/Home/nessie/velkey/logs/word/word_lstm__128_128_64_64__conv_channel__20_20_20_1__kernels__7_9_7_3_	0.0260089	97.7816863279	0.93539037577	0.925787412127	80.7766130223
/mnt/permanent/Home/nessie/velkey/logs/word/word_lstm__256_64_64_64_64__conv_channel__120_20_20_1__kernels__1_5_5_9_	0.0254035	97.944167279	0.923577808072	0.93021041852	81.5886608593
/mnt/permanent/Home/nessie/velkey/logs/word/word_lstm__128_128__conv_channel__80_80_20_20_20_1__kernels__5_5_3_3_9_9_	0.0243754	97.925213278	0.927132815797	0.929800380714	81.8691864757
/mnt/permanent/Home/nessie/velkey/logs/word/word_lstm__64_64__conv_channel__20_20_20_20_1__kernels__7_9_9_3_3_	0.0230691	98.0805917695	0.932120314978	0.934949788448	82.9617599291
/mnt/permanent/Home/nessie/velkey/logs/word/word_lstm__128_64_64_64__conv_channel__20_20_1__kernels__7_9_3_	0.0263884	97.6955478869	0.94278981317	0.923839602691	79.8021556179
/mnt/permanent/Home/nessie/velkey/logs/word/word_lstm__256_64_64_64_64__conv_channel__80_80_20_1__kernels__3_3_3_5_	0.026988	97.7321981374	0.923232910239	0.923492135924	79.7726266056
/mnt/permanent/Home/nessie/velkey/logs/word/word_lstm__64_64__conv_channel__200_200_1__kernels__1_7_1_	0.0258594	97.8165530225	0.936820819143	0.926999315878	80.4222648752
/mnt/permanent/Home/nessie/velkey/logs/word/word_lstm__256_128_128__conv_channel__80_20_20_1__kernels__7_7_7_5_	0.0252706	98.0962482007	0.9211517555	0.934841601064	82.8436438801
/mnt/permanent/Home/nessie/velkey/logs/word/word_lstm__64_64__conv_channel__200_20_20_20_1__kernels__7_9_1_5_9_	0.138647	85.1525756077	0.0	nan	14.2625129189
/mnt/permanent/Home/nessie/velkey/logs/word/word_lstm__128_128_64_64_64_64__conv_channel__200_20_1__kernels__1_7_9_	0.0250162	97.950250077	0.932372177382	0.930850460214	81.9873025247
/mnt/permanent/Home/nessie/velkey/logs/word/word_lstm__128_128_128__conv_channel__120_120_1__kernels__9_3_5_	0.0241952	98.0300934613	0.931700701873	0.933378317049	82.0758895615
/mnt/permanent/Home/nessie/velkey/logs/word/word_lstm__256_256_64_64_64__conv_channel__80_80_80_1__kernels__3_7_5_1_	0.0226742	98.1877900083	0.941729015265	0.938936340329	83.640927211
/mnt/permanent/Home/nessie/velkey/logs/word/word_lstm__64_64__conv_channel__80_1__kernels__1_3_	0.0274775	97.8473839767	0.92708397073	0.927301131301	80.9390225897
/mnt/permanent/Home/nessie/velkey/logs/word/word_lstm__256_128_128__conv_channel__80_80_20_20_1__kernels__5_7_5_5_7_	0.0250435	97.4493217875	0.889404510285	0.911765391925	77.7646537723
/mnt/permanent/Home/nessie/velkey/logs/word/word_lstm__256_64_64__conv_channel__80_20_1__kernels__9_9_5_	0.0305099	97.5231931996	0.918415736195	0.916498815645	78.5914661155
/mnt/permanent/Home/nessie/velkey/logs/word/word_lstm__128_128_128_128_64_64__conv_channel__80_80_20_20_1__kernels__5_9_9_1_3_	0.13448	85.1525756077	0.0	nan	14.2625129189
/mnt/permanent/Home/nessie/velkey/logs/word/word_lstm__256_128_128_128_128__conv_channel__80_20_1__kernels__7_5_7_	0.024467	98.1722373742	0.939385161985	0.938242901123	83.8181012845
/mnt/permanent/Home/nessie/velkey/logs/word/word_lstm__256_256_256_256_256_64__conv_channel__200_80_80_80_80_1__kernels__5_3_3_1_5_3_	0.13233	85.1525756077	0.0	nan	14.2625129189
/mnt/permanent/Home/nessie/velkey/logs/word/word_lstm__64_64__conv_channel__120_20_20_1__kernels__3_9_3_9_	0.0240023	97.983245511	0.927931995181	0.931694010826	82.0020670309
/mnt/permanent/Home/nessie/velkey/logs/word/word_lstm__128_64_64__conv_channel__200_80_80_1__kernels__3_5_9_5_	0.0232048	98.2454412987	0.947151669845	0.941181188162	84.2462719622
/mnt/permanent/Home/nessie/velkey/logs/word/word_lstm__256_128_128_64_64_64__conv_channel__120_120_1__kernels__7_7_9_	0.0412288	95.6929126102	0.794512154069	0.845486139215	65.8644618338
/mnt/permanent/Home/nessie/velkey/logs/word/word_lstm__64_64_64_64__conv_channel__200_200_120_80_80_1__kernels__9_1_5_3_1_5_	0.141328	85.1525756077	0.0	nan	14.2625129189
/mnt/permanent/Home/nessie/velkey/logs/word/word_lstm__128_128_128_128_64_64__conv_channel__20_20_1__kernels__1_5_7_	0.0244234	97.9259571291	0.939599717011	0.930641310211	81.5148383287
/mnt/permanent/Home/nessie/velkey/logs/word/word_lstm__128_64_64__conv_channel__20_20_20_20_20_1__kernels__9_5_3_3_7_3_	0.0270609	97.9981254759	0.945899149601	0.933303122445	82.1201830799
/mnt/permanent/Home/nessie/velkey/logs/word/word_lstm__256_64__conv_channel__80_20_20_20_1__kernels__7_1_7_1_7_	0.0250908	98.0027257295	0.929852580306	0.932385789782	82.016831537
/mnt/permanent/Home/nessie/velkey/logs/word/word_lstm__256_256_64__conv_channel__200_1__kernels__7_7_	0.0294628	98.1829277664	0.92342480193	0.937679374597	83.5080466558
/mnt/permanent/Home/nessie/velkey/logs/word/word_lstm__128_128_128_128__conv_channel__120_120_120_120_1__kernels__9_7_5_7_1_	0.0225433	98.0091559006	0.922035274141	0.932109742541	82.134947586
/mnt/permanent/Home/nessie/velkey/logs/word/word_lstm__64_64_64__conv_channel__20_20_1__kernels__9_1_3_	0.0237934	97.9303645704	0.939236275551	0.930803748467	81.2786062306
/mnt/permanent/Home/nessie/velkey/logs/word/word_lstm__256_64_64_64_64__conv_channel__80_20_20_1__kernels__9_1_3_3_	0.0254356	97.7999747694	0.91963037723	0.925267750792	80.0974457404
/mnt/permanent/Home/nessie/velkey/logs/word/word_lstm__64_64_64_64_64_64__conv_channel__80_20_20_1__kernels__9_3_7_3_	0.0226408	97.791584064	0.926230841546	0.925428366162	80.510851912
/mnt/permanent/Home/nessie/velkey/logs/word/word_lstm__128_128_128_64__conv_channel__80_20_20_20_1__kernels__9_1_1_5_3_	0.0249051	98.1377829402	0.914415904732	0.935673863012	83.3899306068
/mnt/permanent/Home/nessie/velkey/logs/word/word_lstm__128_64_64_64_64__conv_channel__120_120_1__kernels__5_5_9_	0.0304385	96.8900289785	0.877243092379	0.893155391084	73.7930016241
/mnt/permanent/Home/nessie/velkey/logs/word/word_lstm__256_256_128__conv_channel__80_80_1__kernels__9_9_7_	0.0236191	98.314818756	0.937878491809	0.942779125326	84.6153846154
/mnt/permanent/Home/nessie/velkey/logs/word/word_lstm__64_64_64_64_64__conv_channel__200_200_1__kernels__1_5_3_	0.0249184	97.8479182172	0.916795133111	0.92665548885	80.8504355529
/mnt/permanent/Home/nessie/velkey/logs/word/word_lstm__64_64_64_64_64_64__conv_channel__120_20_1__kernels__9_9_1_	0.0217205	97.8434443686	0.935911588319	0.927873687505	81.0571386387
/mnt/permanent/Home/nessie/velkey/logs/word/word_lstm__128_128_64_64_64_64__conv_channel__20_1__kernels__5_7_	0.0255968	97.6733983961	0.931681355943	0.922348336702	79.5216300015
/mnt/permanent/Home/nessie/velkey/logs/word/word_lstm__64_64_64_64_64__conv_channel__200_120_120_20_20_1__kernels__1_7_9_7_3_5_	0.133423	85.1525756077	0.0	nan	14.2625129189
/mnt/permanent/Home/nessie/velkey/logs/word/word_lstm__256_128_64_64__conv_channel__20_20_1__kernels__7_7_9_	0.0266623	97.8859294761	0.930646161517	0.928746593025	80.9980806142
/mnt/permanent/Home/nessie/velkey/logs/word/word_lstm__128_64_64_64_64_64__conv_channel__120_120_20_20_20_1__kernels__3_5_3_9_3_3_	0.0226614	97.9315510266	0.928564710983	0.930084704913	81.6329543777
/mnt/permanent/Home/nessie/velkey/logs/word/word_lstm__64_64_64__conv_channel__120_1__kernels__3_9_	0.0273283	97.9968409008	0.913636866056	0.931122656867	82.0906540676
/mnt/permanent/Home/nessie/velkey/logs/word/word_lstm__256_64_64_64__conv_channel__20_20_20_20_20_1__kernels__7_9_7_3_9_1_	0.0258045	97.8420666377	0.939436310321	0.927992496223	80.8947290713
/mnt/permanent/Home/nessie/velkey/logs/word/word_lstm__128_64_64__conv_channel__80_1__kernels__7_7_	0.0285764	98.0599087667	0.930470014936	0.934309770332	82.6812343127
/mnt/permanent/Home/nessie/velkey/logs/word/word_lstm__128_128_64_64_64_64__conv_channel__200_120_120_80_20_1__kernels__5_9_5_7_3_3_	0.136994	85.1525756077	0.0	nan	14.2625129189
/mnt/permanent/Home/nessie/velkey/logs/word/word_lstm__64_64_64_64__conv_channel__80_80_1__kernels__9_1_1_	0.023322	97.9685173368	0.936195363707	0.931668949502	81.7067769083
/mnt/permanent/Home/nessie/velkey/logs/word/word_lstm__64_64__conv_channel__200_80_20_20_20_1__kernels__3_5_5_3_5_1_	0.0237765	97.9251521415	0.940089374021	0.930664134341	81.5738963532
/mnt/permanent/Home/nessie/velkey/logs/word/word_lstm__128_64_64_64_64_64__conv_channel__200_200_200_1__kernels__3_5_7_7_	0.138642	85.1525756077	0.0	nan	14.2625129189
/mnt/permanent/Home/nessie/velkey/logs/word/word_lstm__128_64_64_64_64__conv_channel__80_20_1__kernels__1_9_7_	0.0233817	98.0321302374	0.945677070482	0.934397046524	82.6221762882
/mnt/permanent/Home/nessie/velkey/logs/word/word_lstm__128_128_128_64_64__conv_channel__80_20_1__kernels__7_1_5_	0.027119	97.6450514807	0.928904849363	0.921077478229	78.8129337074
/mnt/permanent/Home/nessie/velkey/logs/word/word_lstm__256_256__conv_channel__120_1__kernels__7_3_	0.0260152	98.3082039456	0.92746106527	0.941960775326	84.4086815296
/mnt/permanent/Home/nessie/velkey/logs/word/word_lstm__128_64_64__conv_channel__120_1__kernels__5_3_	0.0259212	98.1926145151	0.935701523065	0.938659781104	83.6261627049
/mnt/permanent/Home/nessie/velkey/logs/word/word_lstm__128_64_64_64_64_64__conv_channel__20_20_20_1__kernels__5_7_9_7_	0.0240919	97.6637813373	0.917620733475	0.920929706107	79.8316846301
/mnt/permanent/Home/nessie/velkey/logs/word/word_lstm__256_256_64_64_64__conv_channel__120_120_80_80_1__kernels__9_5_7_7_5_	0.0231559	97.9397341001	0.92184860215	0.929850026459	81.4853093164
/mnt/permanent/Home/nessie/velkey/logs/word/word_lstm__64_64_64_64__conv_channel__200_20_20_1__kernels__5_5_3_3_	0.0247373	97.7086961657	0.907388169065	0.921573993271	79.7578620995
/mnt/permanent/Home/nessie/velkey/logs/word/word_lstm__64_64_64_64__conv_channel__200_20_1__kernels__3_1_1_	0.0249072	97.7677978372	0.932307757631	0.925263529366	80.3189133323
/mnt/permanent/Home/nessie/velkey/logs/word/word_lstm__256_256_256_64__conv_channel__80_1__kernels__1_7_	0.0269326	97.7163682653	0.910681811348	0.921953961881	79.3739849402
/mnt/permanent/Home/nessie/velkey/logs/word/word_lstm__256_128_128_64_64__conv_channel__120_120_1__kernels__7_5_1_	0.0246692	98.0028268996	0.935847753484	0.932743057775	81.4853093164
/mnt/permanent/Home/nessie/velkey/logs/word/word_lstm__128_64__conv_channel__120_120_120_120_1__kernels__3_7_5_9_9_	0.0220124	98.1986503491	0.933740051327	0.938801942245	83.75904326
/mnt/permanent/Home/nessie/velkey/logs/word/word_lstm__128_64__conv_channel__200_120_1__kernels__5_7_9_	0.0269171	97.5844517262	0.900353002595	0.916931627086	78.7834046951
/mnt/permanent/Home/nessie/velkey/logs/word/word_lstm__128_64_64_64_64__conv_channel__20_1__kernels__3_5_	0.0274807	97.3263835704	0.904146535964	0.909320228642	76.3767901964
/mnt/permanent/Home/nessie/velkey/logs/word/word_lstm__64_64_64_64_64_64__conv_channel__120_80_80_20_20_1__kernels__5_3_7_7_1_3_	0.0222131	97.825584766	0.921584765985	0.926097104977	80.7913775284
/mnt/permanent/Home/nessie/velkey/logs/word/word_lstm__256_256_64__conv_channel__120_1__kernels__3_9_	0.0264718	98.3062020386	0.933576019386	0.942185552774	84.334858999
/mnt/permanent/Home/nessie/velkey/logs/word/word_lstm__64_64__conv_channel__80_80_80_80_1__kernels__3_9_1_3_7_	0.0261883	98.0221378951	0.929963623498	0.932956704431	82.2678281411
/mnt/permanent/Home/nessie/velkey/logs/word/word_lstm__64_64_64_64__conv_channel__200_1__kernels__5_3_	0.0276137	97.8085082987	0.943870240776	0.927295877608	80.5699099365
/mnt/permanent/Home/nessie/velkey/logs/word/word_lstm__64_64_64_64_64_64__conv_channel__200_20_20_20_1__kernels__1_3_5_3_7_	0.0265379	97.4622429406	0.932122816762	0.915883825949	77.8532408091
/mnt/permanent/Home/nessie/velkey/logs/word/word_lstm__64_64_64_64_64_64__conv_channel__200_1__kernels__5_5_	0.023913	97.7639315792	0.925974760257	0.924688889483	80.0826812343
/mnt/permanent/Home/nessie/velkey/logs/word/word_lstm__64_64_64_64_64_64__conv_channel__120_120_120_20_20_1__kernels__3_7_7_9_7_1_	0.028566	96.8829742724	0.848687527913	0.889902289837	73.9111176731
/mnt/permanent/Home/nessie/velkey/logs/word/word_lstm__64_64_64_64_64__conv_channel__20_20_20_1__kernels__7_3_5_3_	0.0271234	97.3839043493	0.90012312839	0.910545530622	77.026428466
/mnt/permanent/Home/nessie/velkey/logs/word/word_lstm__256_128_64_64_64__conv_channel__200_20_1__kernels__1_1_5_	0.0273998	97.4068321577	0.911714605922	0.912385442823	76.8197253802
/mnt/permanent/Home/nessie/velkey/logs/word/word_lstm__256_128_128_64__conv_channel__80_20_20_20_1__kernels__1_9_5_7_7_	0.0240753	98.2214066517	0.923093005136	0.938846441214	83.8328657906
/mnt/permanent/Home/nessie/velkey/logs/word/word_lstm__128_64__conv_channel__120_1__kernels__9_7_	0.0271027	98.1613025753	0.93046285229	0.937454407986	83.3604015946
/mnt/permanent/Home/nessie/velkey/logs/word/word_lstm__64_64_64__conv_channel__20_1__kernels__9_5_	0.0248059	97.8775571512	0.929948213486	0.928497420564	81.1752546877
/mnt/permanent/Home/nessie/velkey/logs/word/word_lstm__256_256__conv_channel__80_80_20_1__kernels__1_1_3_7_	0.0307925	97.5590896085	0.917140642294	0.917569457052	78.1632954378
/mnt/permanent/Home/nessie/velkey/logs/word/word_lstm__256_128__conv_channel__200_80_1__kernels__7_3_9_	0.0275162	97.9801315667	0.895372512214	0.929294509636	81.9577735125
/mnt/permanent/Home/nessie/velkey/logs/word/word_lstm__64_64_64_64_64_64__conv_channel__80_80_1__kernels__9_9_1_	0.0217619	97.9375283077	0.934022308149	0.930707253733	81.7363059206
/mnt/permanent/Home/nessie/velkey/logs/word/word_lstm__256_128_64_64_64__conv_channel__20_20_20_20_20_1__kernels__7_9_1_9_5_9_	0.0313358	97.3225842652	0.891146773138	0.907970827237	76.9526059353
/mnt/permanent/Home/nessie/velkey/logs/word/word_lstm__128_64_64_64__conv_channel__120_20_1__kernels__7_5_3_	0.0233079	97.7465792278	0.930440980102	0.924364649143	80.0383877159
/mnt/permanent/Home/nessie/velkey/logs/word/word_lstm__64_64__conv_channel__80_20_20_1__kernels__5_3_5_5_	0.0267353	97.9565099208	0.933188741529	0.931300130628	81.9134799941
/mnt/permanent/Home/nessie/velkey/logs/word/word_lstm__64_64_64__conv_channel__20_1__kernels__9_5_	0.0228393	98.0122342467	0.932937903076	0.932877683515	81.9873025247
/mnt/permanent/Home/nessie/velkey/logs/word/word_lstm__64_64_64_64_64__conv_channel__20_20_20_20_1__kernels__5_1_5_7_5_	0.0250944	97.7547984527	0.905987166453	0.922865142934	80.1417392588
/mnt/permanent/Home/nessie/velkey/logs/word/word_lstm__256_64__conv_channel__200_1__kernels__1_5_	0.0332395	97.3113798874	0.877164933693	0.906262054789	76.2439096412
/mnt/permanent/Home/nessie/velkey/logs/word/word_lstm__256_128_64__conv_channel__20_20_20_20_20_1__kernels__5_1_3_5_3_5_	0.0255091	97.5934348525	0.94505959008	0.920901538592	79.3739849402
/mnt/permanent/Home/nessie/velkey/logs/word/word_lstm__128_128_128_128__conv_channel__120_20_20_20_20_1__kernels__1_1_9_1_1_5_	0.027069	97.8499426212	0.926119693205	0.927331915108	80.7766130223
/mnt/permanent/Home/nessie/velkey/logs/word/word_lstm__256_128_128_64_64__conv_channel__200_1__kernels__5_7_	0.0289997	97.7005332382	0.929299161265	0.922961317967	79.5068654953
/mnt/permanent/Home/nessie/velkey/logs/word/word_lstm__256_256_256__conv_channel__120_1__kernels__9_1_	0.0244294	98.3550844284	0.948619195898	0.944671310239	84.9844972686
/mnt/permanent/Home/nessie/velkey/logs/word/word_lstm__256_256_256__conv_channel__120_80_60_1__kernels__9_7_5_1_	0.0248455	98.4191449614	0.940276603942	0.946291634123	85.6784290565
/mnt/permanent/Home/nessie/velkey/logs/word/word_lstm__256_256_256__conv_channel__120_64_64_1__kernels__9_3_3_1_	0.0282304	98.5669523682	0.944278439277	0.951244024207	86.8152960283
/mnt/permanent/Home/nessie/velkey/logs/word/word_lstm__256_256_256__conv_channel__120_64_64_64_1__kernels__9_5_3_3_1_	0.023708	98.6406298555	0.945113047862	0.953722756806	87.3320537428
/mnt/permanent/Home/nessie/velkey/logs/word/word_lstm__256_256_256__conv_channel__120_64_64_1__kernels__9_5_3_1_	0.0327092	98.5754236943	0.950638137932	0.951901555033	86.9334120774
/mnt/permanent/Home/nessie/velkey/logs/word/word_lstm__256_256_256__conv_channel__120_64_64_32_1__kernels__9_5_3_3_1_	0.0332925	98.6119818013	0.952318221887	0.953092439126	87.3025247305
/mnt/permanent/Home/nessie/velkey/logs/word/word_lstm__256_256_256__conv_channel__120_64_64_32_1__kernels__9_5_3_3_1_	0.0274699	98.6084944692	0.942330316553	0.952520165834	87.243466706
/mnt/permanent/Home/nessie/velkey/logs/word/word_lstm__256_256__conv_channel__120_64_64_32_32_32_1__kernels__9_5_3_3_3_3_1_	0.0301383	98.5245264993	0.950931800924	0.950220033313	86.5938284364
/mnt/permanent/Home/nessie/velkey/logs/word/word_lstm__256_256__conv_channel__120_64_64_32_32_32_1__kernels__9_5_3_3_3_3_1_	0.0267822	98.4310824891	0.940120194481	0.946702947077	85.7522515872